<?xml version="1.0" encoding="UTF-8"?>
<!-- Generated by org.testng.reporters.JUnitReportReporter -->
<testsuite hostname="Ravi-Gayu" failures="0" tests="1" name="testCases.TC_001_AccountRegistrationTest" time="12.517" errors="0" timestamp="2024-08-05T13:01:49 IST" skipped="0">
  <testcase classname="testCases.TC_001_AccountRegistrationTest" name="verify_account_registration" time="12.517"/>
</testsuite> <!-- testCases.TC_001_AccountRegistrationTest -->
