<?xml version="1.0" encoding="UTF-8"?>
<!-- Generated by org.testng.reporters.JUnitReportReporter -->
<testsuite hostname="Ravi-Gayu" failures="0" tests="1" name="testCases.TC_001_AccountRegistrationTest" time="5.298" errors="0" timestamp="2024-08-05T22:02:22 IST" skipped="0">
  <testcase classname="testCases.TC_001_AccountRegistrationTest" name="verify_account_registration" time="5.298"/>
</testsuite> <!-- testCases.TC_001_AccountRegistrationTest -->
