<?xml version="1.0" encoding="UTF-8"?>
<!-- Generated by org.testng.reporters.JUnitReportReporter -->
<testsuite hostname="Ravi-Gayu" failures="0" tests="1" name="testCases.TC_002_LoginTest" time="3.490" errors="0" timestamp="2024-08-05T22:02:22 IST" skipped="0">
  <testcase classname="testCases.TC_002_LoginTest" name="verify_login" time="3.490"/>
</testsuite> <!-- testCases.TC_002_LoginTest -->
